[Sun May 26 16:53:19 WIB 2024] Server started on port 6543
[Sun May 26 16:54:27 WIB 2024] Server started on port 8090
[Sun May 26 16:55:21 WIB 2024] Server stopped
[Sun May 26 16:57:47 WIB 2024] Server started on port 8090
[Sun May 26 16:58:09 WIB 2024] Server stopped
[Sun May 26 17:03:48 WIB 2024] Server started on port 8090
[Sun May 26 17:04:13 WIB 2024] Server stopped
[Sun May 26 20:44:02 WIB 2024] Server started on port 8090
[Sun May 26 20:51:11 WIB 2024] Server stopped
[Sun May 26 20:54:40 WIB 2024] Server started on port 1234
[Sun May 26 20:55:17 WIB 2024] Request From /0:0:0:0:0:0:0:1 GET /index.html HTTP/1.1
[Sun May 26 20:55:17 WIB 2024] Request From /0:0:0:0:0:0:0:1 GET /index.html HTTP/1.1
[Sun May 26 20:55:17 WIB 2024] Request From /0:0:0:0:0:0:0:1 GET /favicon.ico HTTP/1.1
[Sun May 26 20:55:17 WIB 2024] Request From /0:0:0:0:0:0:0:1 GET /favicon.ico HTTP/1.1
[Sun May 26 20:55:20 WIB 2024] Request From /0:0:0:0:0:0:0:1 GET / HTTP/1.1
[Sun May 26 20:55:20 WIB 2024] Request From /0:0:0:0:0:0:0:1 GET / HTTP/1.1
[Sun May 26 20:55:27 WIB 2024] Request From /0:0:0:0:0:0:0:1 GET /Modul PBO/ HTTP/1.1
[Sun May 26 20:55:27 WIB 2024] Request From /0:0:0:0:0:0:0:1 GET /Modul PBO/ HTTP/1.1
[Sun May 26 20:55:31 WIB 2024] Request From /0:0:0:0:0:0:0:1 GET /Picture/ HTTP/1.1
[Sun May 26 20:55:31 WIB 2024] Request From /0:0:0:0:0:0:0:1 GET /Picture/ HTTP/1.1
[Sun May 26 20:55:34 WIB 2024] Request From /0:0:0:0:0:0:0:1 GET /Picture/photo_2024-03-24_06-09-15.jpg HTTP/1.1
[Sun May 26 20:55:34 WIB 2024] Request From /0:0:0:0:0:0:0:1 GET /Picture/photo_2024-03-24_06-09-15.jpg HTTP/1.1
[Sun May 26 20:56:53 WIB 2024] Server started on port 702
[Sun May 26 20:57:02 WIB 2024] Request From /0:0:0:0:0:0:0:1 GET / HTTP/1.1
[Sun May 26 20:57:02 WIB 2024] Request From /0:0:0:0:0:0:0:1 GET / HTTP/1.1
[Sun May 26 20:57:02 WIB 2024] Request From /0:0:0:0:0:0:0:1 GET /favicon.ico HTTP/1.1
[Sun May 26 20:57:02 WIB 2024] Request From /0:0:0:0:0:0:0:1 GET /favicon.ico HTTP/1.1
[Sun May 26 20:57:06 WIB 2024] Request From /0:0:0:0:0:0:0:1 GET /Modul PBO/ HTTP/1.1
[Sun May 26 20:57:06 WIB 2024] Request From /0:0:0:0:0:0:0:1 GET /Modul PBO/ HTTP/1.1
[Sun May 26 20:57:08 WIB 2024] Request From /0:0:0:0:0:0:0:1 GET /Picture/ HTTP/1.1
[Sun May 26 20:57:08 WIB 2024] Request From /0:0:0:0:0:0:0:1 GET /Picture/ HTTP/1.1
[Sun May 26 20:57:28 WIB 2024] Server stopped
[Sun May 26 21:18:28 WIB 2024] Server started on port 8090
[Sun May 26 21:18:52 WIB 2024] Request From /0:0:0:0:0:0:0:1 GET / HTTP/1.1
[Sun May 26 21:18:52 WIB 2024] Request From /0:0:0:0:0:0:0:1 GET / HTTP/1.1
[Sun May 26 21:18:52 WIB 2024] Request From /0:0:0:0:0:0:0:1 GET /favicon.ico HTTP/1.1
[Sun May 26 21:18:52 WIB 2024] Request From /0:0:0:0:0:0:0:1 GET /favicon.ico HTTP/1.1
[Sun May 26 21:18:59 WIB 2024] Request From /0:0:0:0:0:0:0:1 GET /Modul PBO/ HTTP/1.1
[Sun May 26 21:18:59 WIB 2024] Request From /0:0:0:0:0:0:0:1 GET /Modul PBO/ HTTP/1.1
[Sun May 26 21:19:03 WIB 2024] Request From /0:0:0:0:0:0:0:1 GET /Picture/ HTTP/1.1
[Sun May 26 21:19:03 WIB 2024] Request From /0:0:0:0:0:0:0:1 GET /Picture/ HTTP/1.1
[Sun May 26 21:19:05 WIB 2024] Request From /0:0:0:0:0:0:0:1 GET /Picture/ HTTP/1.1
[Sun May 26 21:19:05 WIB 2024] Request From /0:0:0:0:0:0:0:1 GET /Picture/ HTTP/1.1
[Sun May 26 21:19:07 WIB 2024] Request From /0:0:0:0:0:0:0:1 GET /Picture/photo_2024-03-24_06-09-15.jpg HTTP/1.1
[Sun May 26 21:19:07 WIB 2024] Request From /0:0:0:0:0:0:0:1 GET /Picture/photo_2024-03-24_06-09-15.jpg HTTP/1.1
[Sun May 26 21:19:11 WIB 2024] Request From /0:0:0:0:0:0:0:1 GET /Modul PBO/ HTTP/1.1
[Sun May 26 21:19:11 WIB 2024] Request From /0:0:0:0:0:0:0:1 GET /Modul PBO/ HTTP/1.1
[Sun May 26 21:19:15 WIB 2024] Server stopped
[Sun May 26 21:24:31 WIB 2024] Server started on port 8090
[Sun May 26 21:24:40 WIB 2024] Request From /0:0:0:0:0:0:0:1 GET / HTTP/1.1
[Sun May 26 21:24:40 WIB 2024] Request From /0:0:0:0:0:0:0:1 GET / HTTP/1.1
[Sun May 26 21:24:42 WIB 2024] Request From /0:0:0:0:0:0:0:1 GET /Modul PBO/ HTTP/1.1
[Sun May 26 21:24:42 WIB 2024] Request From /0:0:0:0:0:0:0:1 GET /Modul PBO/ HTTP/1.1
[Sun May 26 21:24:44 WIB 2024] Request From /0:0:0:0:0:0:0:1 GET /Picture/ HTTP/1.1
[Sun May 26 21:24:44 WIB 2024] Request From /0:0:0:0:0:0:0:1 GET /Picture/ HTTP/1.1
[Sun May 26 21:24:46 WIB 2024] Request From /0:0:0:0:0:0:0:1 GET /Picture/ HTTP/1.1
[Sun May 26 21:24:46 WIB 2024] Request From /0:0:0:0:0:0:0:1 GET /Picture/ HTTP/1.1
[Sun May 26 21:24:47 WIB 2024] Request From /0:0:0:0:0:0:0:1 GET /Picture/photo_2024-03-24_06-09-15.jpg HTTP/1.1
[Sun May 26 21:24:47 WIB 2024] Request From /0:0:0:0:0:0:0:1 GET /Picture/photo_2024-03-24_06-09-15.jpg HTTP/1.1
[Sun May 26 21:24:50 WIB 2024] Request From /0:0:0:0:0:0:0:1 GET /Modul PBO/ HTTP/1.1
[Sun May 26 21:24:50 WIB 2024] Request From /0:0:0:0:0:0:0:1 GET /Modul PBO/ HTTP/1.1
[Sun May 26 21:24:53 WIB 2024] Request From /0:0:0:0:0:0:0:1 GET /Picture/ HTTP/1.1
[Sun May 26 21:24:53 WIB 2024] Request From /0:0:0:0:0:0:0:1 GET /Picture/ HTTP/1.1
[Sun May 26 21:24:59 WIB 2024] Server stopped
